2025-01-31 16:08:07 - Virtual environment is not activated. Choosing activation script...
2025-01-31 16:08:08 - Running application...
Exception in Tkinter callback
Traceback (most recent call last):
  File "/home/retro/Documents/crudeirc/crudeirc.py", line 610, in connect
    self.irc_socket.connect((self.server, int(self.port)))
ConnectionRefusedError: [Errno 111] Connection refused

During handling of the above exception, another exception occurred:

Traceback (most recent call last):
  File "/usr/lib/python3.12/tkinter/__init__.py", line 1967, in __call__
    return self.func(*args)
           ^^^^^^^^^^^^^^^^
  File "/home/retro/Documents/crudeirc/crudeirc.py", line 552, in toggle_connection
    self.connect()
  File "/home/retro/Documents/crudeirc/crudeirc.py", line 632, in connect
    traceback.print_exc(e)
  File "/usr/lib/python3.12/traceback.py", line 180, in print_exc
    print_exception(sys.exception(), limit=limit, file=file, chain=chain)
  File "/usr/lib/python3.12/traceback.py", line 124, in print_exception
    te = TracebackException(type(value), value, tb, limit=limit, compact=True)
         ^^^^^^^^^^^^^^^^^^^^^^^^^^^^^^^^^^^^^^^^^^^^^^^^^^^^^^^^^^^^^^^^^^^^^
  File "/usr/lib/python3.12/traceback.py", line 733, in __init__
    self.stack = StackSummary._extract_from_extended_frame_gen(
                 ^^^^^^^^^^^^^^^^^^^^^^^^^^^^^^^^^^^^^^^^^^^^^^
  File "/usr/lib/python3.12/traceback.py", line 411, in _extract_from_extended_frame_gen
    if limit >= 0:
       ^^^^^^^^^^
TypeError: '>=' not supported between instances of 'ConnectionRefusedError' and 'int'
Exception in Tkinter callback
Traceback (most recent call last):
  File "/home/retro/Documents/crudeirc/crudeirc.py", line 610, in connect
    self.irc_socket.connect((self.server, int(self.port)))
ConnectionRefusedError: [Errno 111] Connection refused

During handling of the above exception, another exception occurred:

Traceback (most recent call last):
  File "/usr/lib/python3.12/tkinter/__init__.py", line 1967, in __call__
    return self.func(*args)
           ^^^^^^^^^^^^^^^^
  File "/home/retro/Documents/crudeirc/crudeirc.py", line 552, in toggle_connection
    self.connect()
  File "/home/retro/Documents/crudeirc/crudeirc.py", line 632, in connect
    traceback.print_exc(e)
  File "/usr/lib/python3.12/traceback.py", line 180, in print_exc
    print_exception(sys.exception(), limit=limit, file=file, chain=chain)
  File "/usr/lib/python3.12/traceback.py", line 124, in print_exception
    te = TracebackException(type(value), value, tb, limit=limit, compact=True)
         ^^^^^^^^^^^^^^^^^^^^^^^^^^^^^^^^^^^^^^^^^^^^^^^^^^^^^^^^^^^^^^^^^^^^^
  File "/usr/lib/python3.12/traceback.py", line 733, in __init__
    self.stack = StackSummary._extract_from_extended_frame_gen(
                 ^^^^^^^^^^^^^^^^^^^^^^^^^^^^^^^^^^^^^^^^^^^^^^
  File "/usr/lib/python3.12/traceback.py", line 411, in _extract_from_extended_frame_gen
    if limit >= 0:
       ^^^^^^^^^^
TypeError: '>=' not supported between instances of 'ConnectionRefusedError' and 'int'
['lcolonq', 'crudeirc']
Connecting to crudeserver.duckdns.org on port 6667
crudeserver.duckdns.org 6667
['lcolonq', 'crudeirc']
Connecting to crudeserver.duckdns.org on port 6667
crudeserver.duckdns.org 6667
2025-01-31 16:10:20 - Application finished. Waiting for user input before exiting...
2025-01-31 16:10:21 - User pressed Enter. Exiting...
2025-01-31 16:10:22 - Virtual environment is not activated. Choosing activation script...
2025-01-31 16:10:24 - Running application...
Exception in Tkinter callback
Traceback (most recent call last):
  File "/usr/lib/python3.12/tkinter/__init__.py", line 1967, in __call__
    return self.func(*args)
           ^^^^^^^^^^^^^^^^
  File "/home/retro/Documents/crudeirc/crudeirc.py", line 263, in <lambda>
    self.root.bind("<Control-Left>", lambda e: self.view_prior_buffer())
                                               ^^^^^^^^^^^^^^^^^^^^^^^^
  File "/home/retro/Documents/crudeirc/crudeirc.py", line 177, in view_prior_buffer
    self.populate_text_area()
  File "/home/retro/Documents/crudeirc/crudeirc.py", line 1121, in populate_text_area
    self.populate_from_nickname_buffer(buffer_name)
  File "/home/retro/Documents/crudeirc/crudeirc.py", line 951, in populate_from_nickname_buffer
    self.nickname_listbox.itemconfig(tk.END, foreground=f"{nick_color}")
  File "/usr/lib/python3.12/tkinter/__init__.py", line 3351, in itemconfigure
    return self._configure(('itemconfigure', index), cnf, kw)
           ^^^^^^^^^^^^^^^^^^^^^^^^^^^^^^^^^^^^^^^^^^^^^^^^^^
  File "/usr/lib/python3.12/tkinter/__init__.py", line 1711, in _configure
    self.tk.call(_flatten((self._w, cmd)) + self._options(cnf))
KeyboardInterrupt
['lcolonq', 'crudeirc']
Connecting to colonq.computer on port 26697
colonq.computer 26697
two part: server
two part: server
two part: server
two part: server
2025-01-31 16:11:15 - Application finished. Waiting for user input before exiting...
2025-01-31 16:11:17 - User pressed Enter. Exiting...
2025-01-31 16:22:53 - Virtual environment is not activated. Choosing activation script...
2025-01-31 16:22:55 - Running application...
Connecting to colonq.computer on port 26697
colonq.computer 26697
2025-01-31 16:23:34 - Application finished. Waiting for user input before exiting...
2025-01-31 16:23:36 - User pressed Enter. Exiting...
2025-01-31 16:27:42 - Virtual environment is not activated. Choosing activation script...
2025-01-31 16:27:43 - Running application...
Connecting to colonq.computer on port 26697
colonq.computer 26697
matching: <re.Match object; span=(2163, 2167), match='Kiri'>
matching: <re.Match object; span=(2168, 2180), match='johnhamelink'>
matching: <re.Match object; span=(2181, 2183), match='cn'>
matching: <re.Match object; span=(2184, 2196), match='bigbookofbug'>
matching: None
matching: <re.Match object; span=(2206, 2210), match='ellg'>
matching: <re.Match object; span=(2211, 2219), match='krzysckh'>
matching: None
matching: <re.Match object; span=(2226, 2231), match='k4noi'>
matching: <re.Match object; span=(2232, 2237), match='rugan'>
matching: <re.Match object; span=(2238, 2247), match='freedrull'>
matching: <re.Match object; span=(2248, 2255), match='lucasta'>
matching: <re.Match object; span=(2256, 2261), match='raggi'>
matching: <re.Match object; span=(2262, 2267), match='vance'>
matching: <re.Match object; span=(2268, 2275), match='fenriz8'>
matching: <re.Match object; span=(2276, 2280), match='ellb'>
matching: <re.Match object; span=(2281, 2294), match='FOSSUnleashed'>
matching: <re.Match object; span=(74, 91), match='retromaximusplays'>
matching: <re.Match object; span=(2313, 2317), match='lumi'>
matching: <re.Match object; span=(2318, 2328), match='siftycat__'>
matching: <re.Match object; span=(2329, 2336), match='sandbox'>
matching: <re.Match object; span=(2337, 2347), match='liquidcake'>
matching: <re.Match object; span=(1946, 1953), match='discord'>
matching: <re.Match object; span=(2356, 2370), match='a_tension_span'>
matching: <re.Match object; span=(2371, 2377), match='demon_'>
matching: <re.Match object; span=(2378, 2384), match='zfnmxt'>
two part: server
matching: <re.Match object; span=(2163, 2167), match='Kiri'>
matching: <re.Match object; span=(2168, 2180), match='johnhamelink'>
matching: <re.Match object; span=(2181, 2183), match='cn'>
matching: <re.Match object; span=(2184, 2196), match='bigbookofbug'>
matching: None
matching: <re.Match object; span=(2206, 2210), match='ellg'>
matching: <re.Match object; span=(2211, 2219), match='krzysckh'>
matching: None
matching: <re.Match object; span=(2226, 2231), match='k4noi'>
matching: <re.Match object; span=(2232, 2237), match='rugan'>
matching: <re.Match object; span=(2238, 2247), match='freedrull'>
matching: <re.Match object; span=(2248, 2255), match='lucasta'>
matching: <re.Match object; span=(2256, 2261), match='raggi'>
matching: <re.Match object; span=(2262, 2267), match='vance'>
matching: <re.Match object; span=(2268, 2275), match='fenriz8'>
matching: <re.Match object; span=(2276, 2280), match='ellb'>
matching: <re.Match object; span=(2281, 2294), match='FOSSUnleashed'>
matching: <re.Match object; span=(74, 91), match='retromaximusplays'>
matching: <re.Match object; span=(2313, 2317), match='lumi'>
matching: <re.Match object; span=(2318, 2328), match='siftycat__'>
matching: <re.Match object; span=(2329, 2336), match='sandbox'>
matching: <re.Match object; span=(2337, 2347), match='liquidcake'>
matching: <re.Match object; span=(1946, 1953), match='discord'>
matching: <re.Match object; span=(2356, 2370), match='a_tension_span'>
matching: <re.Match object; span=(2371, 2377), match='demon_'>
matching: <re.Match object; span=(2378, 2384), match='zfnmxt'>
matching: <re.Match object; span=(2163, 2167), match='Kiri'>
matching: <re.Match object; span=(2168, 2180), match='johnhamelink'>
matching: <re.Match object; span=(2181, 2183), match='cn'>
matching: <re.Match object; span=(2184, 2196), match='bigbookofbug'>
matching: None
matching: <re.Match object; span=(2206, 2210), match='ellg'>
matching: <re.Match object; span=(2211, 2219), match='krzysckh'>
matching: None
matching: <re.Match object; span=(2226, 2231), match='k4noi'>
matching: <re.Match object; span=(2232, 2237), match='rugan'>
matching: <re.Match object; span=(2238, 2247), match='freedrull'>
matching: <re.Match object; span=(2248, 2255), match='lucasta'>
matching: <re.Match object; span=(2256, 2261), match='raggi'>
matching: <re.Match object; span=(2262, 2267), match='vance'>
matching: <re.Match object; span=(2268, 2275), match='fenriz8'>
matching: <re.Match object; span=(2276, 2280), match='ellb'>
matching: <re.Match object; span=(2281, 2294), match='FOSSUnleashed'>
matching: <re.Match object; span=(74, 91), match='retromaximusplays'>
matching: <re.Match object; span=(2313, 2317), match='lumi'>
matching: <re.Match object; span=(2318, 2328), match='siftycat__'>
matching: <re.Match object; span=(2329, 2336), match='sandbox'>
matching: <re.Match object; span=(2337, 2347), match='liquidcake'>
matching: <re.Match object; span=(1946, 1953), match='discord'>
matching: <re.Match object; span=(2356, 2370), match='a_tension_span'>
matching: <re.Match object; span=(2371, 2377), match='demon_'>
matching: <re.Match object; span=(2378, 2384), match='zfnmxt'>
two part: server
matching: <re.Match object; span=(2163, 2167), match='Kiri'>
matching: <re.Match object; span=(2168, 2180), match='johnhamelink'>
matching: <re.Match object; span=(2181, 2183), match='cn'>
matching: <re.Match object; span=(2184, 2196), match='bigbookofbug'>
matching: None
matching: <re.Match object; span=(2206, 2210), match='ellg'>
matching: <re.Match object; span=(2211, 2219), match='krzysckh'>
matching: None
matching: <re.Match object; span=(2226, 2231), match='k4noi'>
matching: <re.Match object; span=(2232, 2237), match='rugan'>
matching: <re.Match object; span=(2238, 2247), match='freedrull'>
matching: <re.Match object; span=(2248, 2255), match='lucasta'>
matching: <re.Match object; span=(2256, 2261), match='raggi'>
matching: <re.Match object; span=(2262, 2267), match='vance'>
matching: <re.Match object; span=(2268, 2275), match='fenriz8'>
matching: <re.Match object; span=(2276, 2280), match='ellb'>
matching: <re.Match object; span=(2281, 2294), match='FOSSUnleashed'>
matching: <re.Match object; span=(74, 91), match='retromaximusplays'>
matching: <re.Match object; span=(2313, 2317), match='lumi'>
matching: <re.Match object; span=(2318, 2328), match='siftycat__'>
matching: <re.Match object; span=(2329, 2336), match='sandbox'>
matching: <re.Match object; span=(2337, 2347), match='liquidcake'>
matching: <re.Match object; span=(1946, 1953), match='discord'>
matching: <re.Match object; span=(2356, 2370), match='a_tension_span'>
matching: <re.Match object; span=(2371, 2377), match='demon_'>
matching: <re.Match object; span=(2378, 2384), match='zfnmxt'>
matching: <re.Match object; span=(2163, 2167), match='Kiri'>
matching: <re.Match object; span=(2168, 2180), match='johnhamelink'>
matching: <re.Match object; span=(2181, 2183), match='cn'>
matching: <re.Match object; span=(2184, 2196), match='bigbookofbug'>
matching: None
matching: <re.Match object; span=(2206, 2210), match='ellg'>
matching: <re.Match object; span=(2211, 2219), match='krzysckh'>
matching: None
matching: <re.Match object; span=(2226, 2231), match='k4noi'>
matching: <re.Match object; span=(2232, 2237), match='rugan'>
matching: <re.Match object; span=(2238, 2247), match='freedrull'>
matching: <re.Match object; span=(2248, 2255), match='lucasta'>
matching: <re.Match object; span=(2256, 2261), match='raggi'>
matching: <re.Match object; span=(2262, 2267), match='vance'>
matching: <re.Match object; span=(2268, 2275), match='fenriz8'>
matching: <re.Match object; span=(2276, 2280), match='ellb'>
matching: <re.Match object; span=(2281, 2294), match='FOSSUnleashed'>
matching: <re.Match object; span=(74, 91), match='retromaximusplays'>
matching: <re.Match object; span=(2313, 2317), match='lumi'>
matching: <re.Match object; span=(2318, 2328), match='siftycat__'>
matching: <re.Match object; span=(2329, 2336), match='sandbox'>
matching: <re.Match object; span=(2337, 2347), match='liquidcake'>
matching: <re.Match object; span=(1946, 1953), match='discord'>
matching: <re.Match object; span=(2356, 2370), match='a_tension_span'>
matching: <re.Match object; span=(2371, 2377), match='demon_'>
matching: <re.Match object; span=(2378, 2384), match='zfnmxt'>
matching: <re.Match object; span=(2163, 2167), match='Kiri'>
matching: <re.Match object; span=(2168, 2180), match='johnhamelink'>
matching: <re.Match object; span=(2181, 2183), match='cn'>
matching: <re.Match object; span=(2184, 2196), match='bigbookofbug'>
matching: None
matching: <re.Match object; span=(2206, 2210), match='ellg'>
matching: <re.Match object; span=(2211, 2219), match='krzysckh'>
matching: None
matching: <re.Match object; span=(2226, 2231), match='k4noi'>
matching: <re.Match object; span=(2232, 2237), match='rugan'>
matching: <re.Match object; span=(2238, 2247), match='freedrull'>
matching: <re.Match object; span=(2248, 2255), match='lucasta'>
matching: <re.Match object; span=(2256, 2261), match='raggi'>
matching: <re.Match object; span=(2262, 2267), match='vance'>
matching: <re.Match object; span=(2268, 2275), match='fenriz8'>
matching: <re.Match object; span=(2276, 2280), match='ellb'>
matching: <re.Match object; span=(2281, 2294), match='FOSSUnleashed'>
matching: <re.Match object; span=(74, 91), match='retromaximusplays'>
matching: <re.Match object; span=(2313, 2317), match='lumi'>
matching: <re.Match object; span=(2318, 2328), match='siftycat__'>
matching: <re.Match object; span=(2329, 2336), match='sandbox'>
matching: <re.Match object; span=(2337, 2347), match='liquidcake'>
matching: <re.Match object; span=(1946, 1953), match='discord'>
matching: <re.Match object; span=(2356, 2370), match='a_tension_span'>
matching: <re.Match object; span=(2371, 2377), match='demon_'>
matching: <re.Match object; span=(2378, 2384), match='zfnmxt'>
matching: <re.Match object; span=(2163, 2167), match='Kiri'>
matching: <re.Match object; span=(2168, 2180), match='johnhamelink'>
matching: <re.Match object; span=(2181, 2183), match='cn'>
matching: <re.Match object; span=(2184, 2196), match='bigbookofbug'>
matching: None
matching: <re.Match object; span=(2206, 2210), match='ellg'>
matching: <re.Match object; span=(2211, 2219), match='krzysckh'>
matching: None
matching: <re.Match object; span=(2226, 2231), match='k4noi'>
matching: <re.Match object; span=(2232, 2237), match='rugan'>
matching: <re.Match object; span=(2238, 2247), match='freedrull'>
matching: <re.Match object; span=(2248, 2255), match='lucasta'>
matching: <re.Match object; span=(2256, 2261), match='raggi'>
matching: <re.Match object; span=(2262, 2267), match='vance'>
matching: <re.Match object; span=(2268, 2275), match='fenriz8'>
matching: <re.Match object; span=(2276, 2280), match='ellb'>
matching: <re.Match object; span=(2281, 2294), match='FOSSUnleashed'>
matching: <re.Match object; span=(74, 91), match='retromaximusplays'>
matching: <re.Match object; span=(2313, 2317), match='lumi'>
matching: <re.Match object; span=(2318, 2328), match='siftycat__'>
matching: <re.Match object; span=(2329, 2336), match='sandbox'>
matching: <re.Match object; span=(2337, 2347), match='liquidcake'>
matching: <re.Match object; span=(1946, 1953), match='discord'>
matching: <re.Match object; span=(2356, 2370), match='a_tension_span'>
matching: <re.Match object; span=(2371, 2377), match='demon_'>
matching: <re.Match object; span=(2378, 2384), match='zfnmxt'>
two part: server
matching: <re.Match object; span=(2163, 2167), match='Kiri'>
matching: <re.Match object; span=(2168, 2180), match='johnhamelink'>
matching: <re.Match object; span=(2181, 2183), match='cn'>
matching: <re.Match object; span=(2184, 2196), match='bigbookofbug'>
matching: None
matching: <re.Match object; span=(2206, 2210), match='ellg'>
matching: <re.Match object; span=(2211, 2219), match='krzysckh'>
matching: None
matching: <re.Match object; span=(2226, 2231), match='k4noi'>
matching: <re.Match object; span=(2232, 2237), match='rugan'>
matching: <re.Match object; span=(2238, 2247), match='freedrull'>
matching: <re.Match object; span=(2248, 2255), match='lucasta'>
matching: <re.Match object; span=(2256, 2261), match='raggi'>
matching: <re.Match object; span=(2262, 2267), match='vance'>
matching: <re.Match object; span=(2268, 2275), match='fenriz8'>
matching: <re.Match object; span=(2276, 2280), match='ellb'>
matching: <re.Match object; span=(2281, 2294), match='FOSSUnleashed'>
matching: <re.Match object; span=(74, 91), match='retromaximusplays'>
matching: <re.Match object; span=(2313, 2317), match='lumi'>
matching: <re.Match object; span=(2318, 2328), match='siftycat__'>
matching: <re.Match object; span=(2329, 2336), match='sandbox'>
matching: <re.Match object; span=(2337, 2347), match='liquidcake'>
matching: <re.Match object; span=(1946, 1953), match='discord'>
matching: <re.Match object; span=(2356, 2370), match='a_tension_span'>
matching: <re.Match object; span=(2371, 2377), match='demon_'>
matching: <re.Match object; span=(2378, 2384), match='zfnmxt'>
matching: <re.Match object; span=(2163, 2167), match='Kiri'>
matching: <re.Match object; span=(2168, 2180), match='johnhamelink'>
matching: <re.Match object; span=(2181, 2183), match='cn'>
matching: <re.Match object; span=(2184, 2196), match='bigbookofbug'>
matching: None
matching: <re.Match object; span=(2206, 2210), match='ellg'>
matching: <re.Match object; span=(2211, 2219), match='krzysckh'>
matching: None
matching: <re.Match object; span=(2226, 2231), match='k4noi'>
matching: <re.Match object; span=(2232, 2237), match='rugan'>
matching: <re.Match object; span=(2238, 2247), match='freedrull'>
matching: <re.Match object; span=(2248, 2255), match='lucasta'>
matching: <re.Match object; span=(2256, 2261), match='raggi'>
matching: <re.Match object; span=(2262, 2267), match='vance'>
matching: <re.Match object; span=(2268, 2275), match='fenriz8'>
matching: <re.Match object; span=(2276, 2280), match='ellb'>
matching: <re.Match object; span=(2281, 2294), match='FOSSUnleashed'>
matching: <re.Match object; span=(74, 91), match='retromaximusplays'>
matching: <re.Match object; span=(2313, 2317), match='lumi'>
matching: <re.Match object; span=(2318, 2328), match='siftycat__'>
matching: <re.Match object; span=(2329, 2336), match='sandbox'>
matching: <re.Match object; span=(2337, 2347), match='liquidcake'>
matching: <re.Match object; span=(1946, 1953), match='discord'>
matching: <re.Match object; span=(2356, 2370), match='a_tension_span'>
matching: <re.Match object; span=(2371, 2377), match='demon_'>
matching: <re.Match object; span=(2378, 2384), match='zfnmxt'>
matching: <re.Match object; span=(2163, 2167), match='Kiri'>
matching: <re.Match object; span=(2168, 2180), match='johnhamelink'>
matching: <re.Match object; span=(2181, 2183), match='cn'>
matching: <re.Match object; span=(2184, 2196), match='bigbookofbug'>
matching: None
matching: <re.Match object; span=(2206, 2210), match='ellg'>
matching: <re.Match object; span=(2211, 2219), match='krzysckh'>
matching: None
matching: <re.Match object; span=(2226, 2231), match='k4noi'>
matching: <re.Match object; span=(2232, 2237), match='rugan'>
matching: <re.Match object; span=(2238, 2247), match='freedrull'>
matching: <re.Match object; span=(2248, 2255), match='lucasta'>
matching: <re.Match object; span=(2256, 2261), match='raggi'>
matching: <re.Match object; span=(2262, 2267), match='vance'>
matching: <re.Match object; span=(2268, 2275), match='fenriz8'>
matching: <re.Match object; span=(2276, 2280), match='ellb'>
matching: <re.Match object; span=(2281, 2294), match='FOSSUnleashed'>
matching: <re.Match object; span=(74, 91), match='retromaximusplays'>
matching: <re.Match object; span=(2313, 2317), match='lumi'>
matching: <re.Match object; span=(2318, 2328), match='siftycat__'>
matching: <re.Match object; span=(2329, 2336), match='sandbox'>
matching: <re.Match object; span=(2337, 2347), match='liquidcake'>
matching: <re.Match object; span=(1946, 1953), match='discord'>
matching: <re.Match object; span=(2356, 2370), match='a_tension_span'>
matching: <re.Match object; span=(2371, 2377), match='demon_'>
matching: <re.Match object; span=(2378, 2384), match='zfnmxt'>
matching: <re.Match object; span=(2163, 2167), match='Kiri'>
matching: <re.Match object; span=(2168, 2180), match='johnhamelink'>
matching: <re.Match object; span=(2181, 2183), match='cn'>
matching: <re.Match object; span=(2184, 2196), match='bigbookofbug'>
matching: None
matching: <re.Match object; span=(2206, 2210), match='ellg'>
matching: <re.Match object; span=(2211, 2219), match='krzysckh'>
matching: None
matching: <re.Match object; span=(2226, 2231), match='k4noi'>
matching: <re.Match object; span=(2232, 2237), match='rugan'>
matching: <re.Match object; span=(2238, 2247), match='freedrull'>
matching: <re.Match object; span=(2248, 2255), match='lucasta'>
matching: <re.Match object; span=(2256, 2261), match='raggi'>
matching: <re.Match object; span=(2262, 2267), match='vance'>
matching: <re.Match object; span=(2268, 2275), match='fenriz8'>
matching: <re.Match object; span=(2276, 2280), match='ellb'>
matching: <re.Match object; span=(2281, 2294), match='FOSSUnleashed'>
matching: <re.Match object; span=(74, 91), match='retromaximusplays'>
matching: <re.Match object; span=(2313, 2317), match='lumi'>
matching: <re.Match object; span=(2318, 2328), match='siftycat__'>
matching: <re.Match object; span=(2329, 2336), match='sandbox'>
matching: <re.Match object; span=(2337, 2347), match='liquidcake'>
matching: <re.Match object; span=(1946, 1953), match='discord'>
matching: <re.Match object; span=(2356, 2370), match='a_tension_span'>
matching: <re.Match object; span=(2371, 2377), match='demon_'>
matching: <re.Match object; span=(2378, 2384), match='zfnmxt'>
matching: <re.Match object; span=(2163, 2167), match='Kiri'>
matching: <re.Match object; span=(2168, 2180), match='johnhamelink'>
matching: <re.Match object; span=(2181, 2183), match='cn'>
matching: <re.Match object; span=(2184, 2196), match='bigbookofbug'>
matching: None
matching: <re.Match object; span=(2206, 2210), match='ellg'>
matching: <re.Match object; span=(2211, 2219), match='krzysckh'>
matching: None
matching: <re.Match object; span=(2226, 2231), match='k4noi'>
matching: <re.Match object; span=(2232, 2237), match='rugan'>
matching: <re.Match object; span=(2238, 2247), match='freedrull'>
matching: <re.Match object; span=(2248, 2255), match='lucasta'>
matching: <re.Match object; span=(2256, 2261), match='raggi'>
matching: <re.Match object; span=(2262, 2267), match='vance'>
matching: <re.Match object; span=(2268, 2275), match='fenriz8'>
matching: <re.Match object; span=(2276, 2280), match='ellb'>
matching: <re.Match object; span=(2281, 2294), match='FOSSUnleashed'>
matching: <re.Match object; span=(74, 91), match='retromaximusplays'>
matching: <re.Match object; span=(2313, 2317), match='lumi'>
matching: <re.Match object; span=(2318, 2328), match='siftycat__'>
matching: <re.Match object; span=(2329, 2336), match='sandbox'>
matching: <re.Match object; span=(2337, 2347), match='liquidcake'>
matching: <re.Match object; span=(1946, 1953), match='discord'>
matching: <re.Match object; span=(2356, 2370), match='a_tension_span'>
matching: <re.Match object; span=(2371, 2377), match='demon_'>
matching: <re.Match object; span=(2378, 2384), match='zfnmxt'>
matching: <re.Match object; span=(2163, 2167), match='Kiri'>
matching: <re.Match object; span=(2168, 2180), match='johnhamelink'>
matching: <re.Match object; span=(2181, 2183), match='cn'>
matching: <re.Match object; span=(2184, 2196), match='bigbookofbug'>
matching: None
matching: <re.Match object; span=(2206, 2210), match='ellg'>
matching: <re.Match object; span=(2211, 2219), match='krzysckh'>
matching: None
matching: <re.Match object; span=(2226, 2231), match='k4noi'>
matching: <re.Match object; span=(2232, 2237), match='rugan'>
matching: <re.Match object; span=(2238, 2247), match='freedrull'>
matching: <re.Match object; span=(2248, 2255), match='lucasta'>
matching: <re.Match object; span=(2256, 2261), match='raggi'>
matching: <re.Match object; span=(2262, 2267), match='vance'>
matching: <re.Match object; span=(2268, 2275), match='fenriz8'>
matching: <re.Match object; span=(2276, 2280), match='ellb'>
matching: <re.Match object; span=(2281, 2294), match='FOSSUnleashed'>
matching: <re.Match object; span=(74, 91), match='retromaximusplays'>
matching: <re.Match object; span=(2313, 2317), match='lumi'>
matching: <re.Match object; span=(2318, 2328), match='siftycat__'>
matching: <re.Match object; span=(2329, 2336), match='sandbox'>
matching: <re.Match object; span=(2337, 2347), match='liquidcake'>
matching: <re.Match object; span=(1946, 1953), match='discord'>
matching: <re.Match object; span=(2356, 2370), match='a_tension_span'>
matching: <re.Match object; span=(2371, 2377), match='demon_'>
matching: <re.Match object; span=(2378, 2384), match='zfnmxt'>
matching: <re.Match object; span=(2163, 2167), match='Kiri'>
matching: <re.Match object; span=(2168, 2180), match='johnhamelink'>
matching: <re.Match object; span=(2181, 2183), match='cn'>
matching: <re.Match object; span=(2184, 2196), match='bigbookofbug'>
matching: None
matching: <re.Match object; span=(2206, 2210), match='ellg'>
matching: <re.Match object; span=(2211, 2219), match='krzysckh'>
matching: None
matching: <re.Match object; span=(2226, 2231), match='k4noi'>
matching: <re.Match object; span=(2232, 2237), match='rugan'>
matching: <re.Match object; span=(2238, 2247), match='freedrull'>
matching: <re.Match object; span=(2248, 2255), match='lucasta'>
matching: <re.Match object; span=(2256, 2261), match='raggi'>
matching: <re.Match object; span=(2262, 2267), match='vance'>
matching: <re.Match object; span=(2268, 2275), match='fenriz8'>
matching: <re.Match object; span=(2276, 2280), match='ellb'>
matching: <re.Match object; span=(2281, 2294), match='FOSSUnleashed'>
matching: <re.Match object; span=(74, 91), match='retromaximusplays'>
matching: <re.Match object; span=(2313, 2317), match='lumi'>
matching: <re.Match object; span=(2318, 2328), match='siftycat__'>
matching: <re.Match object; span=(2329, 2336), match='sandbox'>
matching: <re.Match object; span=(2337, 2347), match='liquidcake'>
matching: <re.Match object; span=(1946, 1953), match='discord'>
matching: <re.Match object; span=(2356, 2370), match='a_tension_span'>
matching: <re.Match object; span=(2371, 2377), match='demon_'>
matching: <re.Match object; span=(2378, 2384), match='zfnmxt'>
matching: <re.Match object; span=(2163, 2167), match='Kiri'>
matching: <re.Match object; span=(2168, 2180), match='johnhamelink'>
matching: <re.Match object; span=(2181, 2183), match='cn'>
matching: <re.Match object; span=(2184, 2196), match='bigbookofbug'>
matching: None
matching: <re.Match object; span=(2206, 2210), match='ellg'>
matching: <re.Match object; span=(2211, 2219), match='krzysckh'>
matching: None
matching: <re.Match object; span=(2226, 2231), match='k4noi'>
matching: <re.Match object; span=(2232, 2237), match='rugan'>
matching: <re.Match object; span=(2238, 2247), match='freedrull'>
matching: <re.Match object; span=(2248, 2255), match='lucasta'>
matching: <re.Match object; span=(2256, 2261), match='raggi'>
matching: <re.Match object; span=(2262, 2267), match='vance'>
matching: <re.Match object; span=(2268, 2275), match='fenriz8'>
matching: <re.Match object; span=(2276, 2280), match='ellb'>
matching: <re.Match object; span=(2281, 2294), match='FOSSUnleashed'>
matching: <re.Match object; span=(74, 91), match='retromaximusplays'>
matching: <re.Match object; span=(2313, 2317), match='lumi'>
matching: <re.Match object; span=(2318, 2328), match='siftycat__'>
matching: <re.Match object; span=(2329, 2336), match='sandbox'>
matching: <re.Match object; span=(2337, 2347), match='liquidcake'>
matching: <re.Match object; span=(1946, 1953), match='discord'>
matching: <re.Match object; span=(2356, 2370), match='a_tension_span'>
matching: <re.Match object; span=(2371, 2377), match='demon_'>
matching: <re.Match object; span=(2378, 2384), match='zfnmxt'>
two part: server
matching: <re.Match object; span=(2163, 2167), match='Kiri'>
matching: <re.Match object; span=(2168, 2180), match='johnhamelink'>
matching: <re.Match object; span=(2181, 2183), match='cn'>
matching: <re.Match object; span=(2184, 2196), match='bigbookofbug'>
matching: None
matching: <re.Match object; span=(2206, 2210), match='ellg'>
matching: <re.Match object; span=(2211, 2219), match='krzysckh'>
matching: None
matching: <re.Match object; span=(2226, 2231), match='k4noi'>
matching: <re.Match object; span=(2232, 2237), match='rugan'>
matching: <re.Match object; span=(2238, 2247), match='freedrull'>
matching: <re.Match object; span=(2248, 2255), match='lucasta'>
matching: <re.Match object; span=(2256, 2261), match='raggi'>
matching: <re.Match object; span=(2262, 2267), match='vance'>
matching: <re.Match object; span=(2268, 2275), match='fenriz8'>
matching: <re.Match object; span=(2276, 2280), match='ellb'>
matching: <re.Match object; span=(2281, 2294), match='FOSSUnleashed'>
matching: <re.Match object; span=(74, 91), match='retromaximusplays'>
matching: <re.Match object; span=(2313, 2317), match='lumi'>
matching: <re.Match object; span=(2318, 2328), match='siftycat__'>
matching: <re.Match object; span=(2329, 2336), match='sandbox'>
matching: <re.Match object; span=(2337, 2347), match='liquidcake'>
matching: <re.Match object; span=(1946, 1953), match='discord'>
matching: <re.Match object; span=(2356, 2370), match='a_tension_span'>
matching: <re.Match object; span=(2371, 2377), match='demon_'>
matching: <re.Match object; span=(2378, 2384), match='zfnmxt'>
matching: <re.Match object; span=(2163, 2167), match='Kiri'>
matching: <re.Match object; span=(2168, 2180), match='johnhamelink'>
matching: <re.Match object; span=(2181, 2183), match='cn'>
matching: <re.Match object; span=(2184, 2196), match='bigbookofbug'>
matching: None
matching: <re.Match object; span=(2206, 2210), match='ellg'>
matching: <re.Match object; span=(2211, 2219), match='krzysckh'>
matching: None
matching: <re.Match object; span=(2226, 2231), match='k4noi'>
matching: <re.Match object; span=(2232, 2237), match='rugan'>
matching: <re.Match object; span=(2238, 2247), match='freedrull'>
matching: <re.Match object; span=(2248, 2255), match='lucasta'>
matching: <re.Match object; span=(2256, 2261), match='raggi'>
matching: <re.Match object; span=(2262, 2267), match='vance'>
matching: <re.Match object; span=(2268, 2275), match='fenriz8'>
matching: <re.Match object; span=(2276, 2280), match='ellb'>
matching: <re.Match object; span=(2281, 2294), match='FOSSUnleashed'>
matching: <re.Match object; span=(74, 91), match='retromaximusplays'>
matching: <re.Match object; span=(2313, 2317), match='lumi'>
matching: <re.Match object; span=(2318, 2328), match='siftycat__'>
matching: <re.Match object; span=(2329, 2336), match='sandbox'>
matching: <re.Match object; span=(2337, 2347), match='liquidcake'>
matching: <re.Match object; span=(1946, 1953), match='discord'>
matching: <re.Match object; span=(2356, 2370), match='a_tension_span'>
matching: <re.Match object; span=(2371, 2377), match='demon_'>
matching: <re.Match object; span=(2378, 2384), match='zfnmxt'>
matching: <re.Match object; span=(2163, 2167), match='Kiri'>
matching: <re.Match object; span=(2168, 2180), match='johnhamelink'>
matching: <re.Match object; span=(2181, 2183), match='cn'>
matching: <re.Match object; span=(2184, 2196), match='bigbookofbug'>
matching: None
matching: <re.Match object; span=(2206, 2210), match='ellg'>
matching: <re.Match object; span=(2211, 2219), match='krzysckh'>
matching: None
matching: <re.Match object; span=(2226, 2231), match='k4noi'>
matching: <re.Match object; span=(2232, 2237), match='rugan'>
matching: <re.Match object; span=(2238, 2247), match='freedrull'>
matching: <re.Match object; span=(2248, 2255), match='lucasta'>
matching: <re.Match object; span=(2256, 2261), match='raggi'>
matching: <re.Match object; span=(2262, 2267), match='vance'>
matching: <re.Match object; span=(2268, 2275), match='fenriz8'>
matching: <re.Match object; span=(2276, 2280), match='ellb'>
matching: <re.Match object; span=(2281, 2294), match='FOSSUnleashed'>
matching: <re.Match object; span=(74, 91), match='retromaximusplays'>
matching: <re.Match object; span=(2313, 2317), match='lumi'>
matching: <re.Match object; span=(2318, 2328), match='siftycat__'>
matching: <re.Match object; span=(2329, 2336), match='sandbox'>
matching: <re.Match object; span=(2337, 2347), match='liquidcake'>
matching: <re.Match object; span=(1946, 1953), match='discord'>
matching: <re.Match object; span=(2356, 2370), match='a_tension_span'>
matching: <re.Match object; span=(2371, 2377), match='demon_'>
matching: <re.Match object; span=(2378, 2384), match='zfnmxt'>
matching: <re.Match object; span=(2163, 2167), match='Kiri'>
matching: <re.Match object; span=(2168, 2180), match='johnhamelink'>
matching: <re.Match object; span=(2181, 2183), match='cn'>
matching: <re.Match object; span=(2184, 2196), match='bigbookofbug'>
matching: None
matching: <re.Match object; span=(2206, 2210), match='ellg'>
matching: <re.Match object; span=(2211, 2219), match='krzysckh'>
matching: None
matching: <re.Match object; span=(2226, 2231), match='k4noi'>
matching: <re.Match object; span=(2232, 2237), match='rugan'>
matching: <re.Match object; span=(2238, 2247), match='freedrull'>
matching: <re.Match object; span=(2248, 2255), match='lucasta'>
matching: <re.Match object; span=(2256, 2261), match='raggi'>
matching: <re.Match object; span=(2262, 2267), match='vance'>
matching: <re.Match object; span=(2268, 2275), match='fenriz8'>
matching: <re.Match object; span=(2276, 2280), match='ellb'>
matching: <re.Match object; span=(2281, 2294), match='FOSSUnleashed'>
matching: <re.Match object; span=(74, 91), match='retromaximusplays'>
matching: <re.Match object; span=(2313, 2317), match='lumi'>
matching: <re.Match object; span=(2318, 2328), match='siftycat__'>
matching: <re.Match object; span=(2329, 2336), match='sandbox'>
matching: <re.Match object; span=(2337, 2347), match='liquidcake'>
matching: <re.Match object; span=(1946, 1953), match='discord'>
matching: <re.Match object; span=(2356, 2370), match='a_tension_span'>
matching: <re.Match object; span=(2371, 2377), match='demon_'>
matching: <re.Match object; span=(2378, 2384), match='zfnmxt'>
matching: <re.Match object; span=(2163, 2167), match='Kiri'>
matching: <re.Match object; span=(2168, 2180), match='johnhamelink'>
matching: <re.Match object; span=(2181, 2183), match='cn'>
matching: <re.Match object; span=(2184, 2196), match='bigbookofbug'>
matching: None
matching: <re.Match object; span=(2206, 2210), match='ellg'>
matching: <re.Match object; span=(2211, 2219), match='krzysckh'>
matching: None
matching: <re.Match object; span=(2226, 2231), match='k4noi'>
matching: <re.Match object; span=(2232, 2237), match='rugan'>
matching: <re.Match object; span=(2238, 2247), match='freedrull'>
matching: <re.Match object; span=(2248, 2255), match='lucasta'>
matching: <re.Match object; span=(2256, 2261), match='raggi'>
matching: <re.Match object; span=(2262, 2267), match='vance'>
matching: <re.Match object; span=(2268, 2275), match='fenriz8'>
matching: <re.Match object; span=(2276, 2280), match='ellb'>
matching: <re.Match object; span=(2281, 2294), match='FOSSUnleashed'>
matching: <re.Match object; span=(74, 91), match='retromaximusplays'>
matching: <re.Match object; span=(2313, 2317), match='lumi'>
matching: <re.Match object; span=(2318, 2328), match='siftycat__'>
matching: <re.Match object; span=(2329, 2336), match='sandbox'>
matching: <re.Match object; span=(2337, 2347), match='liquidcake'>
matching: <re.Match object; span=(1946, 1953), match='discord'>
matching: <re.Match object; span=(2356, 2370), match='a_tension_span'>
matching: <re.Match object; span=(2371, 2377), match='demon_'>
matching: <re.Match object; span=(2378, 2384), match='zfnmxt'>
matching: <re.Match object; span=(2163, 2167), match='Kiri'>
matching: <re.Match object; span=(2168, 2180), match='johnhamelink'>
matching: <re.Match object; span=(2181, 2183), match='cn'>
matching: <re.Match object; span=(2184, 2196), match='bigbookofbug'>
matching: None
matching: <re.Match object; span=(2206, 2210), match='ellg'>
matching: <re.Match object; span=(2211, 2219), match='krzysckh'>
matching: None
matching: <re.Match object; span=(2226, 2231), match='k4noi'>
matching: <re.Match object; span=(2232, 2237), match='rugan'>
matching: <re.Match object; span=(2238, 2247), match='freedrull'>
matching: <re.Match object; span=(2248, 2255), match='lucasta'>
matching: <re.Match object; span=(2256, 2261), match='raggi'>
matching: <re.Match object; span=(2262, 2267), match='vance'>
matching: <re.Match object; span=(2268, 2275), match='fenriz8'>
matching: <re.Match object; span=(2276, 2280), match='ellb'>
matching: <re.Match object; span=(2281, 2294), match='FOSSUnleashed'>
matching: <re.Match object; span=(74, 91), match='retromaximusplays'>
matching: <re.Match object; span=(2313, 2317), match='lumi'>
matching: <re.Match object; span=(2318, 2328), match='siftycat__'>
matching: <re.Match object; span=(2329, 2336), match='sandbox'>
matching: <re.Match object; span=(2337, 2347), match='liquidcake'>
matching: <re.Match object; span=(1946, 1953), match='discord'>
matching: <re.Match object; span=(2356, 2370), match='a_tension_span'>
matching: <re.Match object; span=(2371, 2377), match='demon_'>
matching: <re.Match object; span=(2378, 2384), match='zfnmxt'>
matching: <re.Match object; span=(2163, 2167), match='Kiri'>
matching: <re.Match object; span=(2168, 2180), match='johnhamelink'>
matching: <re.Match object; span=(2181, 2183), match='cn'>
matching: <re.Match object; span=(2184, 2196), match='bigbookofbug'>
matching: None
matching: <re.Match object; span=(2206, 2210), match='ellg'>
matching: <re.Match object; span=(2211, 2219), match='krzysckh'>
matching: None
matching: <re.Match object; span=(2226, 2231), match='k4noi'>
matching: <re.Match object; span=(2232, 2237), match='rugan'>
matching: <re.Match object; span=(2238, 2247), match='freedrull'>
matching: <re.Match object; span=(2248, 2255), match='lucasta'>
matching: <re.Match object; span=(2256, 2261), match='raggi'>
matching: <re.Match object; span=(2262, 2267), match='vance'>
matching: <re.Match object; span=(2268, 2275), match='fenriz8'>
matching: <re.Match object; span=(2276, 2280), match='ellb'>
matching: <re.Match object; span=(2281, 2294), match='FOSSUnleashed'>
matching: <re.Match object; span=(74, 91), match='retromaximusplays'>
matching: <re.Match object; span=(2313, 2317), match='lumi'>
matching: <re.Match object; span=(2318, 2328), match='siftycat__'>
matching: <re.Match object; span=(2329, 2336), match='sandbox'>
matching: <re.Match object; span=(2337, 2347), match='liquidcake'>
matching: <re.Match object; span=(1946, 1953), match='discord'>
matching: <re.Match object; span=(2356, 2370), match='a_tension_span'>
matching: <re.Match object; span=(2371, 2377), match='demon_'>
matching: <re.Match object; span=(2378, 2384), match='zfnmxt'>
matching: <re.Match object; span=(2163, 2167), match='Kiri'>
matching: <re.Match object; span=(2168, 2180), match='johnhamelink'>
matching: <re.Match object; span=(2181, 2183), match='cn'>
matching: <re.Match object; span=(2184, 2196), match='bigbookofbug'>
matching: None
matching: <re.Match object; span=(2206, 2210), match='ellg'>
matching: <re.Match object; span=(2211, 2219), match='krzysckh'>
matching: None
matching: <re.Match object; span=(2226, 2231), match='k4noi'>
matching: <re.Match object; span=(2232, 2237), match='rugan'>
matching: <re.Match object; span=(2238, 2247), match='freedrull'>
matching: <re.Match object; span=(2248, 2255), match='lucasta'>
matching: <re.Match object; span=(2256, 2261), match='raggi'>
matching: <re.Match object; span=(2262, 2267), match='vance'>
matching: <re.Match object; span=(2268, 2275), match='fenriz8'>
matching: <re.Match object; span=(2276, 2280), match='ellb'>
matching: <re.Match object; span=(2281, 2294), match='FOSSUnleashed'>
matching: <re.Match object; span=(74, 91), match='retromaximusplays'>
matching: <re.Match object; span=(2313, 2317), match='lumi'>
matching: <re.Match object; span=(2318, 2328), match='siftycat__'>
matching: <re.Match object; span=(2329, 2336), match='sandbox'>
matching: <re.Match object; span=(2337, 2347), match='liquidcake'>
matching: <re.Match object; span=(1946, 1953), match='discord'>
matching: <re.Match object; span=(2356, 2370), match='a_tension_span'>
matching: <re.Match object; span=(2371, 2377), match='demon_'>
matching: <re.Match object; span=(2378, 2384), match='zfnmxt'>
matching: <re.Match object; span=(2163, 2167), match='Kiri'>
matching: <re.Match object; span=(2168, 2180), match='johnhamelink'>
matching: <re.Match object; span=(2181, 2183), match='cn'>
matching: <re.Match object; span=(2184, 2196), match='bigbookofbug'>
matching: None
matching: <re.Match object; span=(2206, 2210), match='ellg'>
matching: <re.Match object; span=(2211, 2219), match='krzysckh'>
matching: None
matching: <re.Match object; span=(2226, 2231), match='k4noi'>
matching: <re.Match object; span=(2232, 2237), match='rugan'>
matching: <re.Match object; span=(2238, 2247), match='freedrull'>
matching: <re.Match object; span=(2248, 2255), match='lucasta'>
matching: <re.Match object; span=(2256, 2261), match='raggi'>
matching: <re.Match object; span=(2262, 2267), match='vance'>
matching: <re.Match object; span=(2268, 2275), match='fenriz8'>
matching: <re.Match object; span=(2276, 2280), match='ellb'>
matching: <re.Match object; span=(2281, 2294), match='FOSSUnleashed'>
matching: <re.Match object; span=(74, 91), match='retromaximusplays'>
matching: <re.Match object; span=(2313, 2317), match='lumi'>
matching: <re.Match object; span=(2318, 2328), match='siftycat__'>
matching: <re.Match object; span=(2329, 2336), match='sandbox'>
matching: <re.Match object; span=(2337, 2347), match='liquidcake'>
matching: <re.Match object; span=(1946, 1953), match='discord'>
matching: <re.Match object; span=(2356, 2370), match='a_tension_span'>
matching: <re.Match object; span=(2371, 2377), match='demon_'>
matching: <re.Match object; span=(2378, 2384), match='zfnmxt'>
matching: <re.Match object; span=(2163, 2167), match='Kiri'>
matching: <re.Match object; span=(2168, 2180), match='johnhamelink'>
matching: <re.Match object; span=(2181, 2183), match='cn'>
matching: <re.Match object; span=(2184, 2196), match='bigbookofbug'>
matching: None
matching: <re.Match object; span=(2206, 2210), match='ellg'>
matching: <re.Match object; span=(2211, 2219), match='krzysckh'>
matching: None
matching: <re.Match object; span=(2226, 2231), match='k4noi'>
matching: <re.Match object; span=(2232, 2237), match='rugan'>
matching: <re.Match object; span=(2238, 2247), match='freedrull'>
matching: <re.Match object; span=(2248, 2255), match='lucasta'>
matching: <re.Match object; span=(2256, 2261), match='raggi'>
matching: <re.Match object; span=(2262, 2267), match='vance'>
matching: <re.Match object; span=(2268, 2275), match='fenriz8'>
matching: <re.Match object; span=(2276, 2280), match='ellb'>
matching: <re.Match object; span=(2281, 2294), match='FOSSUnleashed'>
matching: <re.Match object; span=(74, 91), match='retromaximusplays'>
matching: <re.Match object; span=(2313, 2317), match='lumi'>
matching: <re.Match object; span=(2318, 2328), match='siftycat__'>
matching: <re.Match object; span=(2329, 2336), match='sandbox'>
matching: <re.Match object; span=(2337, 2347), match='liquidcake'>
matching: <re.Match object; span=(1946, 1953), match='discord'>
matching: <re.Match object; span=(2356, 2370), match='a_tension_span'>
matching: <re.Match object; span=(2371, 2377), match='demon_'>
matching: <re.Match object; span=(2378, 2384), match='zfnmxt'>
matching: <re.Match object; span=(2163, 2167), match='Kiri'>
matching: <re.Match object; span=(2168, 2180), match='johnhamelink'>
matching: <re.Match object; span=(2181, 2183), match='cn'>
matching: <re.Match object; span=(2184, 2196), match='bigbookofbug'>
matching: None
matching: <re.Match object; span=(2206, 2210), match='ellg'>
matching: <re.Match object; span=(2211, 2219), match='krzysckh'>
matching: None
matching: <re.Match object; span=(2226, 2231), match='k4noi'>
matching: <re.Match object; span=(2232, 2237), match='rugan'>
matching: <re.Match object; span=(2238, 2247), match='freedrull'>
matching: <re.Match object; span=(2248, 2255), match='lucasta'>
matching: <re.Match object; span=(2256, 2261), match='raggi'>
matching: <re.Match object; span=(2262, 2267), match='vance'>
matching: <re.Match object; span=(2268, 2275), match='fenriz8'>
matching: <re.Match object; span=(2276, 2280), match='ellb'>
matching: <re.Match object; span=(2281, 2294), match='FOSSUnleashed'>
matching: <re.Match object; span=(74, 91), match='retromaximusplays'>
matching: <re.Match object; span=(2313, 2317), match='lumi'>
matching: <re.Match object; span=(2318, 2328), match='siftycat__'>
matching: <re.Match object; span=(2329, 2336), match='sandbox'>
matching: <re.Match object; span=(2337, 2347), match='liquidcake'>
matching: <re.Match object; span=(1946, 1953), match='discord'>
matching: <re.Match object; span=(2356, 2370), match='a_tension_span'>
matching: <re.Match object; span=(2371, 2377), match='demon_'>
matching: <re.Match object; span=(2378, 2384), match='zfnmxt'>
matching: <re.Match object; span=(2163, 2167), match='Kiri'>
matching: <re.Match object; span=(2168, 2180), match='johnhamelink'>
matching: <re.Match object; span=(2181, 2183), match='cn'>
matching: <re.Match object; span=(2184, 2196), match='bigbookofbug'>
matching: None
matching: <re.Match object; span=(2206, 2210), match='ellg'>
matching: <re.Match object; span=(2211, 2219), match='krzysckh'>
matching: None
matching: <re.Match object; span=(2226, 2231), match='k4noi'>
matching: <re.Match object; span=(2232, 2237), match='rugan'>
matching: <re.Match object; span=(2238, 2247), match='freedrull'>
matching: <re.Match object; span=(2248, 2255), match='lucasta'>
matching: <re.Match object; span=(2256, 2261), match='raggi'>
matching: <re.Match object; span=(2262, 2267), match='vance'>
matching: <re.Match object; span=(2268, 2275), match='fenriz8'>
matching: <re.Match object; span=(2276, 2280), match='ellb'>
matching: <re.Match object; span=(2281, 2294), match='FOSSUnleashed'>
matching: <re.Match object; span=(74, 91), match='retromaximusplays'>
matching: <re.Match object; span=(2313, 2317), match='lumi'>
matching: <re.Match object; span=(2318, 2328), match='siftycat__'>
matching: <re.Match object; span=(2329, 2336), match='sandbox'>
matching: <re.Match object; span=(2337, 2347), match='liquidcake'>
matching: <re.Match object; span=(1946, 1953), match='discord'>
matching: <re.Match object; span=(2356, 2370), match='a_tension_span'>
matching: <re.Match object; span=(2371, 2377), match='demon_'>
matching: <re.Match object; span=(2378, 2384), match='zfnmxt'>
matching: <re.Match object; span=(2163, 2167), match='Kiri'>
matching: <re.Match object; span=(2168, 2180), match='johnhamelink'>
matching: <re.Match object; span=(2181, 2183), match='cn'>
matching: <re.Match object; span=(2184, 2196), match='bigbookofbug'>
matching: None
matching: <re.Match object; span=(2206, 2210), match='ellg'>
matching: <re.Match object; span=(2211, 2219), match='krzysckh'>
matching: None
matching: <re.Match object; span=(2226, 2231), match='k4noi'>
matching: <re.Match object; span=(2232, 2237), match='rugan'>
matching: <re.Match object; span=(2238, 2247), match='freedrull'>
matching: <re.Match object; span=(2248, 2255), match='lucasta'>
matching: <re.Match object; span=(2256, 2261), match='raggi'>
matching: <re.Match object; span=(2262, 2267), match='vance'>
matching: <re.Match object; span=(2268, 2275), match='fenriz8'>
matching: <re.Match object; span=(2276, 2280), match='ellb'>
matching: <re.Match object; span=(2281, 2294), match='FOSSUnleashed'>
matching: <re.Match object; span=(74, 91), match='retromaximusplays'>
matching: <re.Match object; span=(2313, 2317), match='lumi'>
matching: <re.Match object; span=(2318, 2328), match='siftycat__'>
matching: <re.Match object; span=(2329, 2336), match='sandbox'>
matching: <re.Match object; span=(2337, 2347), match='liquidcake'>
matching: <re.Match object; span=(1946, 1953), match='discord'>
matching: <re.Match object; span=(2356, 2370), match='a_tension_span'>
matching: <re.Match object; span=(2371, 2377), match='demon_'>
matching: <re.Match object; span=(2378, 2384), match='zfnmxt'>
matching: <re.Match object; span=(2163, 2167), match='Kiri'>
matching: <re.Match object; span=(2168, 2180), match='johnhamelink'>
matching: <re.Match object; span=(2181, 2183), match='cn'>
matching: <re.Match object; span=(2184, 2196), match='bigbookofbug'>
matching: None
matching: <re.Match object; span=(2206, 2210), match='ellg'>
matching: <re.Match object; span=(2211, 2219), match='krzysckh'>
matching: None
matching: <re.Match object; span=(2226, 2231), match='k4noi'>
matching: <re.Match object; span=(2232, 2237), match='rugan'>
matching: <re.Match object; span=(2238, 2247), match='freedrull'>
matching: <re.Match object; span=(2248, 2255), match='lucasta'>
matching: <re.Match object; span=(2256, 2261), match='raggi'>
matching: <re.Match object; span=(2262, 2267), match='vance'>
matching: <re.Match object; span=(2268, 2275), match='fenriz8'>
matching: <re.Match object; span=(2276, 2280), match='ellb'>
matching: <re.Match object; span=(2281, 2294), match='FOSSUnleashed'>
matching: <re.Match object; span=(74, 91), match='retromaximusplays'>
matching: <re.Match object; span=(2313, 2317), match='lumi'>
matching: <re.Match object; span=(2318, 2328), match='siftycat__'>
matching: <re.Match object; span=(2329, 2336), match='sandbox'>
matching: <re.Match object; span=(2337, 2347), match='liquidcake'>
matching: <re.Match object; span=(1946, 1953), match='discord'>
matching: <re.Match object; span=(2356, 2370), match='a_tension_span'>
matching: <re.Match object; span=(2371, 2377), match='demon_'>
matching: <re.Match object; span=(2378, 2384), match='zfnmxt'>
matching: <re.Match object; span=(2163, 2167), match='Kiri'>
matching: <re.Match object; span=(2168, 2180), match='johnhamelink'>
matching: <re.Match object; span=(2181, 2183), match='cn'>
matching: <re.Match object; span=(2184, 2196), match='bigbookofbug'>
matching: None
matching: <re.Match object; span=(2206, 2210), match='ellg'>
matching: <re.Match object; span=(2211, 2219), match='krzysckh'>
matching: None
matching: <re.Match object; span=(2226, 2231), match='k4noi'>
matching: <re.Match object; span=(2232, 2237), match='rugan'>
matching: <re.Match object; span=(2238, 2247), match='freedrull'>
matching: <re.Match object; span=(2248, 2255), match='lucasta'>
matching: <re.Match object; span=(2256, 2261), match='raggi'>
matching: <re.Match object; span=(2262, 2267), match='vance'>
matching: <re.Match object; span=(2268, 2275), match='fenriz8'>
matching: <re.Match object; span=(2276, 2280), match='ellb'>
matching: <re.Match object; span=(2281, 2294), match='FOSSUnleashed'>
matching: <re.Match object; span=(74, 91), match='retromaximusplays'>
matching: <re.Match object; span=(2313, 2317), match='lumi'>
matching: <re.Match object; span=(2318, 2328), match='siftycat__'>
matching: <re.Match object; span=(2329, 2336), match='sandbox'>
matching: <re.Match object; span=(2337, 2347), match='liquidcake'>
matching: <re.Match object; span=(1946, 1953), match='discord'>
matching: <re.Match object; span=(2356, 2370), match='a_tension_span'>
matching: <re.Match object; span=(2371, 2377), match='demon_'>
matching: <re.Match object; span=(2378, 2384), match='zfnmxt'>
matching: <re.Match object; span=(2163, 2167), match='Kiri'>
matching: <re.Match object; span=(2168, 2180), match='johnhamelink'>
matching: <re.Match object; span=(2181, 2183), match='cn'>
matching: <re.Match object; span=(2184, 2196), match='bigbookofbug'>
matching: None
matching: <re.Match object; span=(2206, 2210), match='ellg'>
matching: <re.Match object; span=(2211, 2219), match='krzysckh'>
matching: None
matching: <re.Match object; span=(2226, 2231), match='k4noi'>
matching: <re.Match object; span=(2232, 2237), match='rugan'>
matching: <re.Match object; span=(2238, 2247), match='freedrull'>
matching: <re.Match object; span=(2248, 2255), match='lucasta'>
matching: <re.Match object; span=(2256, 2261), match='raggi'>
matching: <re.Match object; span=(2262, 2267), match='vance'>
matching: <re.Match object; span=(2268, 2275), match='fenriz8'>
matching: <re.Match object; span=(2276, 2280), match='ellb'>
matching: <re.Match object; span=(2281, 2294), match='FOSSUnleashed'>
matching: <re.Match object; span=(74, 91), match='retromaximusplays'>
matching: <re.Match object; span=(2313, 2317), match='lumi'>
matching: <re.Match object; span=(2318, 2328), match='siftycat__'>
matching: <re.Match object; span=(2329, 2336), match='sandbox'>
matching: <re.Match object; span=(2337, 2347), match='liquidcake'>
matching: <re.Match object; span=(1946, 1953), match='discord'>
matching: <re.Match object; span=(2356, 2370), match='a_tension_span'>
matching: <re.Match object; span=(2371, 2377), match='demon_'>
matching: Exception in Tkinter callback
Traceback (most recent call last):
  File "/usr/lib/python3.12/tkinter/__init__.py", line 1967, in __call__
    return self.func(*args)
           ^^^^^^^^^^^^^^^^
  File "/home/retro/Documents/crudeirc/crudeirc.py", line 260, in <lambda>
    self.root.bind("<Control-Left>", lambda e: self.view_prior_buffer())
                                               ^^^^^^^^^^^^^^^^^^^^^^^^
  File "/home/retro/Documents/crudeirc/crudeirc.py", line 174, in view_prior_buffer
    self.populate_text_area()
  File "/home/retro/Documents/crudeirc/crudeirc.py", line 1118, in populate_text_area
    self.populate_from_nickname_buffer(buffer_name)
  File "/home/retro/Documents/crudeirc/crudeirc.py", line 948, in populate_from_nickname_buffer
    self.nickname_listbox.itemconfig(tk.END, foreground=f"{nick_color}")
  File "/usr/lib/python3.12/tkinter/__init__.py", line 3351, in itemconfigure
    return self._configure(('itemconfigure', index), cnf, kw)
           ^^^^^^^^^^^^^^^^^^^^^^^^^^^^^^^^^^^^^^^^^^^^^^^^^^
  File "/usr/lib/python3.12/tkinter/__init__.py", line 1711, in _configure
    self.tk.call(_flatten((self._w, cmd)) + self._options(cnf))
KeyboardInterrupt
2025-01-31 16:34:17 - Virtual environment is not activated. Choosing activation script...
2025-01-31 16:34:19 - Running application...
2025-01-31 17:22:18 - Application finished. Waiting for user input before exiting...
2025-01-31 17:26:18 - User pressed Enter. Exiting...
2025-01-31 17:26:19 - Virtual environment is not activated. Choosing activation script...
2025-01-31 17:26:21 - Running application...
